<?xml version="1.0" encoding="UTF-8"?>
<!-- Generated by org.testng.reporters.JUnitReportReporter -->
<testsuite hostname="DESKTOP-BFHFD4V" failures="0" tests="1" name="TestCases.LoginTest" time="63.272" errors="0" timestamp="2023-02-01T16:22:15 IST" skipped="0">
  <testcase classname="TestCases.LoginTest" name="hi" time="63.272"/>
  <system-out/>
</testsuite> <!-- TestCases.LoginTest -->
