<?xml version="1.0" encoding="UTF-8"?>
<!-- Generated by org.testng.reporters.JUnitReportReporter -->
<testsuite hostname="DESKTOP-BFHFD4V" failures="0" tests="1" name="TestCases.Normal" time="11.715" errors="0" timestamp="2023-02-03T21:28:39 IST" skipped="0">
  <testcase classname="TestCases.Normal" name="g" time="11.715"/>
  <system-out/>
</testsuite> <!-- TestCases.Normal -->
