<?xml version="1.0" encoding="UTF-8"?>
<!-- Generated by org.testng.reporters.JUnitReportReporter -->
<testsuite hostname="DESKTOP-BFHFD4V" failures="0" tests="1" name="TestCases.SimpleTest" time="16.813" errors="0" timestamp="2023-02-04T17:15:55 IST" skipped="0">
  <testcase classname="TestCases.SimpleTest" name="hi" time="16.813"/>
  <system-out/>
</testsuite> <!-- TestCases.SimpleTest -->
