<?xml version="1.0" encoding="UTF-8"?>
<!-- Generated by org.testng.reporters.JUnitReportReporter -->
<testsuite hostname="DESKTOP-BFHFD4V" failures="0" tests="1" name="TestCases.LoginTest" time="12.216" errors="0" timestamp="2023-01-31T16:42:43 IST" skipped="0">
  <testcase classname="TestCases.LoginTest" name="hi" time="12.216"/>
  <system-out/>
</testsuite> <!-- TestCases.LoginTest -->
