<?xml version="1.0" encoding="UTF-8"?>
<!-- Generated by org.testng.reporters.JUnitReportReporter -->
<testsuite hostname="DESKTOP-BFHFD4V" failures="0" tests="1" name="TestCases.RegisterTest" time="18.623" errors="0" timestamp="2023-02-03T22:24:39 IST" skipped="0">
  <testcase classname="TestCases.RegisterTest" name="hi" time="18.623"/>
  <system-out/>
</testsuite> <!-- TestCases.RegisterTest -->
